            Observing Log - Veloce vq4.5 Veloce           
=======================================================================================================================
Run: AAT/YYYYB/A/YYA/RR UTDate: DD/Mon/YYYY  Observers: Buder
Chip: E2V_Rosso, E2V_Verde,E2V_Azzurro Gain=1.0 e/adu  Windowing:Full    Cols:4224   Rows:4240  Binning:1rx1c
Telescope Focus (mm):49.08    Last Used GuideMark X:268.00  Y:253.40 
LCTruncBlue(dB):-15    LCTruncRed(dB):-13    Fraction of Night Useful (%):45    
Summary: Lost 3.5h due to lightning, rain etc. then seeing 2.0 down to 3.3. luckily able to observe bright stars.
=======================================================================================================================
Run   Object           Midtime       Exp    SN/pix   See  Simul     OSrms_Q1-4        Ph     OS_Q1-4          Comments
=======================================================================================================================
0003  3 SimThLong        08:13:30 m  180.0     0    0          ThXe   3.2,3.2,3.2,3.1  1.00      1015,1015,1011,1011 
0003  2 SimThLong        08:13:30 m  180.0     1    5          ThXe   2.6,2.6,2.6,2.6  1.00      992,992,996,997 
0003  1 SimThLong        08:13:30 m  180.0     0    0          ThXe   2.6,2.6,2.6,2.6  1.00      995,995,995,996 
0009  3 FlatField-Quartz 06:07:44 m    0.1   894  895                 3.6,3.4,3.3,3.5  1.00      1015,1015,1012,1012 
0009  2 FlatField-Quartz 06:07:44 m    0.1   212  215                 2.7,2.8,2.7,2.7  1.00      994,993,999,999 
0009  1 FlatField-Quartz 06:07:44 m    0.1    46   55                 2.6,2.6,2.6,2.6  1.00      997,996,997,997 
0016  3 FlatField-Quartz 06:22:15 m    1.0  1839 1840                 4.0,3.9,3.6,4.1  1.00      1017,1017,1012,1013 
0016  2 FlatField-Quartz 06:22:15 m    1.0   659  660                 3.0,3.1,3.0,2.9  1.00      993,992,997,996 
0016  1 FlatField-Quartz 06:22:15 m    1.0   165  168                 2.6,2.6,2.6,2.6  1.00      996,996,996,996 
0030  3 FlatField-Quartz 06:52:43 m   60.0                            BAD BAD BAD BAD            BAD BAD BAD BAD 
0030  2 FlatField-Quartz 06:52:43 m   60.0   595  596                 5.0,4.9,5.4,4.8  1.00      1001,1000,998,998 
0030  1 FlatField-Quartz 06:52:43 m   60.0  1316 1316                 3.2,3.1,3.4,3.4  1.00      996,996,996,996 
0037  3 ARC-ThAr         07:17:03 m   15.0    31   40                 3.2,3.2,3.1,3.1  1.00      1015,1015,1011,1011 
0037  2 ARC-ThAr         07:17:03 m   15.0    54   62                 2.6,2.6,2.6,2.6  1.00      994,993,997,997 
0037  1 ARC-ThAr         07:17:03 m   15.0     9   19                 2.6,2.6,2.6,2.6  1.00      996,996,996,997 
0042  3 ARC-ThAr         07:28:53 m   60.0    88   94          ThXe   3.3,3.3,3.1,3.3  1.00      1015,1015,1011,1011 
0042  2 ARC-ThAr         07:28:53 m   60.0   116  120                 2.7,2.7,2.6,2.6  1.00      992,992,996,996 
0042  1 ARC-ThAr         07:28:53 m   60.0    48   56                 2.6,2.6,2.6,2.6  1.00      996,996,996,996 
0047  3 ARC-ThAr         07:45:06 m  180.0   165  168       LC ThXe   BAD,3.4,3.4,9.2  1.00      1006,1016,1011,999 
0047  2 ARC-ThAr         07:45:06 m  180.0   212  215                 2.7,2.8,2.7,2.7  1.00      992,992,996,996 
0047  1 ARC-ThAr         07:45:06 m  180.0    98  104                 2.6,2.6,2.7,2.7  1.00      996,996,996,996 
0057  3 SimThLong        08:37:14 m   60.0     0    0          ThXe   3.2,3.2,3.1,3.1  1.00      1014,1014,1011,1011 
0057  2 SimThLong        08:37:14 m   60.0     0    0          ThXe   2.6,2.6,2.6,2.6  1.00      992,992,996,996 
0057  1 SimThLong        08:37:14 m   60.0     0    2          ThXe   2.6,2.6,2.6,2.6  1.00      995,995,995,996 
0062  3 SimTh            08:51:37 m   15.0     0    0          ThXe   3.1,3.1,3.0,3.0  1.00      1014,1014,1011,1011 
0062  2 SimTh            08:51:37 m   15.0     1    4          ThXe   2.6,2.6,2.5,2.5  1.00      992,992,996,995 
0062  1 SimTh            08:51:37 m   15.0     0    0          ThXe   2.5,2.5,2.5,2.5  1.00      995,995,995,995 
0150  3 HIP69673         18:48:47 m    2.0   600  601  2.2"           3.4,3.3,3.2,3.4  1.58      1014,1014,1011,1012 
0150  2 HIP69673         18:48:47 m    2.0   169  172  1.6"           2.7,2.7,2.7,2.6  1.58      993,992,996,996 
0150  1 HIP69673         18:48:47 m    2.0    40   49  0.8"           2.6,2.6,2.6,2.6  1.58      996,996,996,996 
0151  3 HIP69673         18:51:26 m    7.0  1134 1134  1.9"           3.5,3.5,3.4,3.6  1.58      1015,1015,1011,1012 
0151  2 HIP69673         18:51:26 m    7.0   356  358  2.3"           2.8,2.9,2.8,2.7  1.58      993,992,996,996 
0151  1 HIP69673         18:51:26 m    7.0   110  115  1.1"           2.6,2.7,2.6,2.6  1.58      996,996,996,996 
0154  3 127972           18:57:01 p   60.0   534  535  2.2"           3.4,3.3,3.2,3.4  1.02      1014,1014,1011,1012 
0154  2 127972           18:57:01 p   60.0   407  408  2.5"           2.9,3.0,2.8,2.8  1.02      992,992,997,997 
0154  1 127972           18:57:01 p   60.0   240  242  2.8"           2.7,2.7,2.7,2.7  1.02      996,995,995,996 
0159  3 SimLC            19:10:49 m   15.0     0    0       LC        3.2,3.2,3.1,3.1  1.00      1014,1014,1011,1011 
0159  2 SimLC            19:10:49 m   15.0     0    0       LC        2.7,2.6,2.6,2.6  1.00      992,992,996,996 
0159  1 SimLC            19:10:49 m   15.0     1    5                 2.6,2.6,2.6,2.6  1.00      996,996,996,996 
0224  3 DarkFrame        23:01:36 m 1800.0     0    0                 3.0,3.0,2.9,2.9  1.00      1013,1013,1010,1010 
0224  2 DarkFrame        23:01:36 m 1800.0     0    0                 2.6,2.6,2.5,2.5  1.00      991,991,994,994 
0224  1 DarkFrame        23:01:36 m 1800.0     0    0                 2.5,2.5,2.5,2.5  1.00      995,995,995,995 
=======================================================================================================================
10:22:59 Notes taken throughout the observations...