            Observing Log - Veloce vq4.5 Veloce           
=======================================================================================================================
Run: AAT/2023B/A/24A/15 UTDate: 19/Feb/2024  Observers: Buder, Chapman, Chan                              
Chip: E2V_Rosso, E2V_Verde,E2V_Azzurro Gain=1.0 e/adu  Windowing:Full    Cols:4224   Rows:4240  Binning:1rx1c
Telescope Focus (mm):49.08    Last Used GuideMark X:268.00  Y:253.40 
LCTruncBlue(dB):-15    LCTruncRed(dB):-13    Fraction of Night Useful (%):45    
Summary: Lost 3.5h due to lightning, rain etc. then seeing 2.0 down to 3.3. luckily able to observe bright stars.
=======================================================================================================================
Run   Object           Midtime       Exp    SN/pix   See  Simul     OSrms_Q1-4        Ph     OS_Q1-4          Comments
=======================================================================================================================
0001  3 SimLC            05:33:12 m    6.0     0    0                 3.1,3.1,3.0,3.0  1.00      1014,1014,1011,1011 
0001  2 SimLC            05:33:12 m    6.0     1    5                 2.6,2.6,2.6,2.6  1.00      995,994,1000,1000 
0001  1 SimLC            05:33:12 m    6.0     0    0                 2.6,2.6,2.6,2.6  1.00      997,997,997,997 
0002  3 SimLC            05:37:25 m    6.0     0    2       LC        3.1,3.2,3.0,3.0  1.00      1014,1014,1011,1011 
0002  2 SimLC            05:37:25 m    6.0     0    2                 2.6,2.6,2.6,2.6  1.00      994,993,999,999 
0002  1 SimLC            05:37:25 m    6.0     0    0                 2.6,2.6,2.5,2.5  1.00      997,997,997,997 
0003  3 SimLC            05:41:25 m   15.0     0    3       LC        3.1,3.2,3.0,3.0  1.00      1014,1014,1011,1011 
0003  2 SimLC            05:41:25 m   15.0     0    0                 2.6,2.6,2.6,2.6  1.00      994,993,999,999 
0003  1 SimLC            05:41:25 m   15.0     0    0                 2.6,2.6,2.5,2.6  1.00      997,997,997,997 
0004  3 SimLC            05:43:33 m   10.0     1    4       LC        3.2,3.1,3.0,3.0  1.00      1014,1014,1011,1011 
0004  2 SimLC            05:43:33 m   10.0     1    6                 2.6,2.6,2.6,2.6  1.00      993,993,998,998 
0004  1 SimLC            05:43:33 m   10.0     0    0                 2.6,2.6,2.5,2.5  1.00      996,996,996,996 
0005  3 SimLC            05:45:36 m    5.0     0    0                 3.1,3.1,3.0,3.0  1.00      1014,1014,1011,1011 
0005  2 SimLC            05:45:36 m    5.0     0    3                 2.6,2.6,2.6,2.6  1.00      993,993,997,997 
0005  1 SimLC            05:45:36 m    5.0     0    0                 2.6,2.6,2.5,2.6  1.00      996,996,996,996 
0006  3 SimLC            05:49:44 m  120.0     0    0                 3.1,3.1,3.0,3.0  1.00      1014,1014,1011,1011 
0006  2 SimLC            05:49:44 m  120.0     0    0                 2.6,2.6,2.6,2.6  1.00      993,993,997,997 
0006  1 SimLC            05:49:44 m  120.0     1    6                 2.6,2.6,2.6,2.6  1.00      996,996,996,996 
0007  3 SimLC            05:57:50 m    5.0     0    0       LC        3.1,3.1,3.0,3.0  1.00      1014,1014,1011,1011 
0007  2 SimLC            05:57:50 m    5.0     0    0                 2.6,2.6,2.6,2.6  1.00      994,993,998,998 
0007  1 SimLC            05:57:50 m    5.0     0    0                 2.6,2.6,2.5,2.5  1.00      997,996,997,997 
0008  3 SimLC            05:59:54 m   10.0     1    4       LC        3.1,3.2,3.0,3.0  1.00      1014,1014,1011,1011 
0008  2 SimLC            05:59:54 m   10.0     0    3                 2.6,2.6,2.6,2.6  1.00      993,993,997,998 
0008  1 SimLC            05:59:54 m   10.0     0    3                 2.6,2.6,2.5,2.5  1.00      996,996,996,996 
0009  3 FlatField-Quartz 06:07:44 m    0.1   894  895                 3.6,3.4,3.3,3.5  1.00      1015,1015,1012,1012 
0009  2 FlatField-Quartz 06:07:44 m    0.1   212  215                 2.7,2.8,2.7,2.7  1.00      994,993,999,999 
0009  1 FlatField-Quartz 06:07:44 m    0.1    46   55                 2.6,2.6,2.6,2.6  1.00      997,996,997,997 
0010  3 FlatField-Quartz 06:09:48 m    0.1   890  890                 3.6,3.4,3.3,3.5  1.00      1015,1015,1012,1012 
0010  2 FlatField-Quartz 06:09:48 m    0.1   210  213                 2.7,2.8,2.7,2.6  1.00      993,993,998,998 
0010  1 FlatField-Quartz 06:09:48 m    0.1    44   53                 2.6,2.6,2.6,2.6  1.00      996,996,996,997 
0011  3 FlatField-Quartz 06:11:52 m    0.1   888  889                 3.5,3.4,3.3,3.5  1.00      1015,1015,1012,1012 
0011  2 FlatField-Quartz 06:11:52 m    0.1   209  211                 2.7,2.8,2.7,2.6  1.00      993,993,997,997 
0011  1 FlatField-Quartz 06:11:52 m    0.1    44   53                 2.6,2.6,2.6,2.6  1.00      996,996,996,996 
0012  3 FlatField-Quartz 06:13:57 m    0.1   887  887                 3.5,3.4,3.3,3.5  1.00      1015,1015,1012,1012 
0012  2 FlatField-Quartz 06:13:57 m    0.1   209  212                 2.7,2.8,2.7,2.6  1.00      993,993,997,997 
0012  1 FlatField-Quartz 06:13:57 m    0.1    45   54                 2.6,2.6,2.6,2.6  1.00      996,996,996,996 
0013  3 FlatField-Quartz 06:16:01 m    0.1   898  899                 3.6,3.4,3.3,3.5  1.00      1015,1015,1011,1012 
0013  2 FlatField-Quartz 06:16:01 m    0.1   212  215                 2.7,2.8,2.7,2.6  1.00      993,993,997,997 
0013  1 FlatField-Quartz 06:16:01 m    0.1    46   55                 2.6,2.6,2.6,2.6  1.00      996,996,996,996 
0014  3 FlatField-Quartz 06:18:05 m    0.1   898  899                 3.6,3.4,3.3,3.5  1.00      1015,1015,1011,1012 
0014  2 FlatField-Quartz 06:18:05 m    0.1   213  215                 2.7,2.8,2.7,2.7  1.00      993,992,997,996 
0014  1 FlatField-Quartz 06:18:05 m    0.1    45   54                 2.6,2.6,2.6,2.6  1.00      996,996,996,996 
0015  3 FlatField-Quartz 06:20:10 m    0.1   896  897                 3.6,3.4,3.3,3.5  1.00      1015,1015,1011,1012 
0015  2 FlatField-Quartz 06:20:10 m    0.1   212  214                 2.7,2.7,2.7,2.6  1.00      993,992,996,996 
0015  1 FlatField-Quartz 06:20:10 m    0.1    45   54                 2.6,2.6,2.6,2.6  1.00      996,996,996,996 
0016  3 FlatField-Quartz 06:22:15 m    1.0  1839 1840                 4.0,3.9,3.6,4.1  1.00      1017,1017,1012,1013 
0016  2 FlatField-Quartz 06:22:15 m    1.0   659  660                 3.0,3.1,3.0,2.9  1.00      993,992,997,996 
0016  1 FlatField-Quartz 06:22:15 m    1.0   165  168                 2.6,2.6,2.6,2.6  1.00      996,996,996,996 
0017  3 FlatField-Quartz 06:24:19 m    1.0  1839 1839                 4.0,3.8,3.6,4.2  1.00      1017,1017,1012,1013 
0017  2 FlatField-Quartz 06:24:19 m    1.0   664  665                 3.1,3.2,3.0,2.9  1.00      993,993,997,996 
0017  1 FlatField-Quartz 06:24:19 m    1.0   166  169                 2.6,2.6,2.6,2.6  1.00      996,996,996,996 
0018  3 FlatField-Quartz 06:26:24 m    1.0  1839 1839                 4.0,3.8,3.6,4.2  1.00      1017,1017,1012,1013 
0018  2 FlatField-Quartz 06:26:24 m    1.0   660  661                 3.1,3.1,3.0,2.9  1.00      993,992,996,996 
0018  1 FlatField-Quartz 06:26:24 m    1.0   165  169                 2.6,2.6,2.6,2.6  1.00      996,996,996,996 
0019  3 FlatField-Quartz 06:28:28 m    1.0  1838 1838                 4.0,3.8,3.6,4.2  1.00      1017,1017,1012,1013 
0019  2 FlatField-Quartz 06:28:28 m    1.0   666  666                 3.1,3.1,3.0,2.9  1.00      993,993,996,996 
0019  1 FlatField-Quartz 06:28:28 m    1.0   167  171                 2.6,2.6,2.6,2.6  1.00      996,996,996,996 
0020  3 FlatField-Quartz 06:30:32 m    1.0  1839 1839                 4.0,3.8,3.6,4.2  1.00      1017,1017,1012,1013 
0020  2 FlatField-Quartz 06:30:32 m    1.0   661  662                 3.1,3.1,3.0,2.9  1.00      993,992,996,996 
0020  1 FlatField-Quartz 06:30:32 m    1.0   165  168                 2.6,2.6,2.6,2.6  1.00      996,996,996,996 
0021  3 FlatField-Quartz 06:32:36 m    1.0  1839 1839                 4.0,3.8,3.6,4.2  1.00      1017,1017,1012,1013 
0021  2 FlatField-Quartz 06:32:36 m    1.0   664  665                 3.0,3.1,3.0,2.9  1.00      993,993,996,996 
0021  1 FlatField-Quartz 06:32:36 m    1.0   166  169                 2.6,2.6,2.6,2.6  1.00      996,996,996,996 
0022  3 FlatField-Quartz 06:34:41 m    1.0  1839 1839                 4.0,3.8,3.6,4.1  1.00      1017,1017,1012,1013 
0022  2 FlatField-Quartz 06:34:41 m    1.0   662  663                 3.1,3.1,3.0,2.9  1.00      993,992,996,996 
0022  1 FlatField-Quartz 06:34:41 m    1.0   166  169                 2.6,2.6,2.6,2.7  1.00      996,996,996,996 
0023  3 FlatField-Quartz 06:36:49 m   10.0     0    2                 BAD,BAD,BAD,BAD  1.00      1179,1658,1914,1589 
0023  2 FlatField-Quartz 06:36:49 m   10.0  1943 1943                 3.9,4.0,3.8,3.6  1.00      994,993,997,997 
0023  1 FlatField-Quartz 06:36:49 m   10.0   536  538                 2.8,2.7,2.8,2.9  1.00      996,996,996,996 
0024  3 FlatField-Quartz 06:39:02 m   10.0     0    0                 BAD,BAD,BAD,BAD  1.00      1185,1655,1918,1594 
0024  2 FlatField-Quartz 06:39:02 m   10.0  1942 1942                 3.9,4.0,3.8,3.6  1.00      994,993,997,997 
0024  1 FlatField-Quartz 06:39:02 m   10.0   536  537                 2.8,2.7,2.9,2.9  1.00      996,996,996,996 
0025  3 FlatField-Quartz 06:41:14 m   10.0     0    0                 BAD,BAD,BAD,BAD  1.00      1177,1658,1914,1596 
0025  2 FlatField-Quartz 06:41:14 m   10.0  1943 1943                 3.9,4.0,3.8,3.6  1.00      994,993,997,997 
0025  1 FlatField-Quartz 06:41:14 m   10.0   536  537                 2.8,2.8,2.8,2.9  1.00      996,996,996,996 
0026  3 FlatField-Quartz 06:43:27 m   10.0     0    0                 BAD,BAD,BAD,BAD  1.00      1183,1655,1903,1581 
0026  2 FlatField-Quartz 06:43:27 m   10.0  1943 1944                 3.9,4.0,3.8,3.6  1.00      994,993,997,997 
0026  1 FlatField-Quartz 06:43:27 m   10.0   535  536                 2.8,2.8,2.9,2.9  1.00      996,996,996,996 
0027  3 FlatField-Quartz 06:45:41 m   10.0     0    2                 BAD,BAD,BAD,BAD  1.00      1190,1655,1937,1603 
0027  2 FlatField-Quartz 06:45:41 m   10.0  1943 1943                 3.9,4.0,3.8,3.6  1.00      994,993,997,997 
0027  1 FlatField-Quartz 06:45:41 m   10.0   536  537                 2.8,2.8,2.9,2.9  1.00      996,996,996,996 
0028  3 FlatField-Quartz 06:47:53 m   10.0     0    0                 BAD,BAD,BAD,BAD  1.00      1184,1659,1894,1564 
0028  2 FlatField-Quartz 06:47:53 m   10.0  1943 1943                 3.9,4.0,3.8,3.6  1.00      994,993,997,997 
0028  1 FlatField-Quartz 06:47:53 m   10.0   537  538                 2.8,2.8,2.9,2.9  1.00      996,996,996,996 
0029  3 FlatField-Quartz 06:50:06 m   10.0     0    0                 BAD,BAD,BAD,BAD  1.00      1183,1661,1862,1573 
0029  2 FlatField-Quartz 06:50:06 m   10.0  1944 1944                 3.9,4.0,3.8,3.6  1.00      994,993,997,997 
0029  1 FlatField-Quartz 06:50:06 m   10.0   536  538                 2.8,2.8,2.9,2.9  1.00      996,996,996,996 
0030  3 FlatField-Quartz 06:52:43 m   60.0                            BAD BAD BAD BAD            BAD BAD BAD BAD 
0030  2 FlatField-Quartz 06:52:43 m   60.0   595  596                 5.0,4.9,5.4,4.8  1.00      1001,1000,998,998 
0030  1 FlatField-Quartz 06:52:43 m   60.0  1316 1316                 3.2,3.1,3.4,3.4  1.00      996,996,996,996 
0031  3 FlatField-Quartz 06:55:45 m   60.0     0    0                 BAD,BAD,BAD,BAD  1.00      1264,1266,1400,1395 
0031  2 FlatField-Quartz 06:55:45 m   60.0   552  553                 5.1,4.9,5.4,4.7  1.00      1001,1000,998,998 
0031  1 FlatField-Quartz 06:55:45 m   60.0  1320 1321                 3.2,3.1,3.4,3.4  1.00      996,996,996,996 
0032  3 FlatField-Quartz 06:58:47 m   60.0                            BAD BAD BAD BAD            BAD BAD BAD BAD 
0032  2 FlatField-Quartz 06:58:47 m   60.0   551  552                 5.1,5.0,5.4,4.8  1.00      1001,1000,998,998 
0032  1 FlatField-Quartz 06:58:47 m   60.0  1320 1320                 3.2,3.1,3.4,3.4  1.00      996,996,996,996 
0033  3 FlatField-Quartz 07:01:49 m   60.0     0    0                 BAD,BAD,BAD,BAD  1.00      1264,1266,1400,1395 
0033  2 FlatField-Quartz 07:01:49 m   60.0   562  564                 5.1,4.9,5.4,4.8  1.00      1001,1000,998,998 
0033  1 FlatField-Quartz 07:01:49 m   60.0  1320 1320                 3.2,3.1,3.4,3.4  1.00      996,996,996,996 
0034  3 FlatField-Quartz 07:04:51 m   60.0                            BAD BAD BAD BAD            BAD BAD BAD BAD 
0034  2 FlatField-Quartz 07:04:51 m   60.0   570  571                 5.1,4.9,5.4,4.8  1.00      1001,1001,998,998 
0034  1 FlatField-Quartz 07:04:51 m   60.0  1319 1319                 3.2,3.1,3.4,3.4  1.00      996,997,996,996 
0035  3 FlatField-Quartz 07:07:55 m   60.0     0    0                 BAD,BAD,BAD,BAD  1.00      1264,1266,1400,1395 
0035  2 FlatField-Quartz 07:07:55 m   60.0   558  560                 5.1,4.9,5.4,4.8  1.00      1001,1001,998,998 
0035  1 FlatField-Quartz 07:07:55 m   60.0  1320 1321                 3.2,3.1,3.4,3.4  1.00      996,996,996,996 
0036  3 FlatField-Quartz 07:10:57 m   60.0     0    0                 BAD,BAD,BAD,BAD  1.00      1264,1266,1400,1395 
0036  2 FlatField-Quartz 07:10:57 m   60.0   559  560                 5.0,5.0,5.4,4.8  1.00      1001,1000,998,998 
0036  1 FlatField-Quartz 07:10:57 m   60.0  1319 1320                 3.2,3.1,3.4,3.4  1.00      996,996,996,996 
0037  3 ARC-ThAr         07:17:03 m   15.0    31   40                 3.2,3.2,3.1,3.1  1.00      1015,1015,1011,1011 
0037  2 ARC-ThAr         07:17:03 m   15.0    54   62                 2.6,2.6,2.6,2.6  1.00      994,993,997,997 
0037  1 ARC-ThAr         07:17:03 m   15.0     9   19                 2.6,2.6,2.6,2.6  1.00      996,996,996,997 
0038  3 ARC-ThAr         07:19:22 m   15.0    35   43          ThXe   3.2,3.2,3.1,3.1  1.00      1014,1015,1011,1011 
0038  2 ARC-ThAr         07:19:22 m   15.0    53   61                 2.6,2.6,2.6,2.6  1.00      993,993,997,997 
0038  1 ARC-ThAr         07:19:22 m   15.0    17   28                 2.6,2.6,2.6,2.6  1.00      996,996,996,996 
0039  3 ARC-ThAr         07:21:39 m   15.0    36   45          ThXe   3.2,3.2,3.1,3.1  1.00      1015,1014,1011,1011 
0039  2 ARC-ThAr         07:21:39 m   15.0    51   59                 2.6,2.6,2.6,2.6  1.00      993,993,996,996 
0039  1 ARC-ThAr         07:21:39 m   15.0    18   29                 2.6,2.6,2.6,2.6  1.00      996,996,996,996 
0040  3 ARC-ThAr         07:23:57 m   15.0    54   61          ThXe   3.2,3.2,3.1,3.1  1.00      1014,1015,1011,1011 
0040  2 ARC-ThAr         07:23:57 m   15.0    51   59                 2.6,2.6,2.6,2.6  1.00      993,993,996,996 
0040  1 ARC-ThAr         07:23:57 m   15.0    18   29                 2.6,2.6,2.6,2.6  1.00      996,996,996,996 
0041  3 ARC-ThAr         07:26:14 m   15.0    38   46          ThXe   3.2,3.1,3.0,3.1  1.00      1015,1015,1011,1011 
0041  2 ARC-ThAr         07:26:14 m   15.0    52   60                 2.6,2.6,2.6,2.6  1.00      993,992,996,996 
0041  1 ARC-ThAr         07:26:14 m   15.0    18   29                 2.6,2.6,2.5,2.6  1.00      996,996,996,996 
0042  3 ARC-ThAr         07:28:53 m   60.0    88   94          ThXe   3.3,3.3,3.1,3.3  1.00      1015,1015,1011,1011 
0042  2 ARC-ThAr         07:28:53 m   60.0   116  120                 2.7,2.7,2.6,2.6  1.00      992,992,996,996 
0042  1 ARC-ThAr         07:28:53 m   60.0    48   56                 2.6,2.6,2.6,2.6  1.00      996,996,996,996 
0043  3 ARC-ThAr         07:31:56 m   60.0    90   96          ThXe   3.2,3.2,3.1,3.3  1.00      1015,1015,1011,1011 
0043  2 ARC-ThAr         07:31:56 m   60.0   116  121                 2.7,2.7,2.6,2.6  1.00      992,992,996,996 
0043  1 ARC-ThAr         07:31:56 m   60.0    51   59                 2.6,2.6,2.6,2.6  1.00      996,996,996,996 
0044  3 ARC-ThAr         07:34:59 m   60.0    91   96          ThXe   3.3,3.2,3.1,3.4  1.00      1015,1015,1011,1010 
0044  2 ARC-ThAr         07:34:59 m   60.0   119  123                 2.7,2.7,2.6,2.6  1.00      992,992,996,996 
0044  1 ARC-ThAr         07:34:59 m   60.0    51   59                 2.6,2.6,2.6,2.6  1.00      996,996,996,996 
0045  3 ARC-ThAr         07:38:01 m   60.0    92   97          ThXe   3.3,3.2,3.1,3.4  1.00      1015,1015,1011,1010 
0045  2 ARC-ThAr         07:38:01 m   60.0   120  124                 2.7,2.7,2.6,2.6  1.00      992,992,996,996 
0045  1 ARC-ThAr         07:38:01 m   60.0    51   60                 2.6,2.6,2.6,2.6  1.00      996,996,996,996 
0046  3 ARC-ThAr         07:41:03 m   60.0    93   98          ThXe   3.3,3.3,3.1,3.4  1.00      1015,1015,1011,1010 
0046  2 ARC-ThAr         07:41:03 m   60.0   120  124                 2.7,2.7,2.6,2.6  1.00      992,992,996,996 
0046  1 ARC-ThAr         07:41:03 m   60.0    52   60                 2.6,2.6,2.6,2.6  1.00      996,996,996,996 
0047  3 ARC-ThAr         07:45:06 m  180.0   165  168       LC ThXe   BAD,3.4,3.4,9.2  1.00      1006,1016,1011,999 
0047  2 ARC-ThAr         07:45:06 m  180.0   212  215                 2.7,2.8,2.7,2.7  1.00      992,992,996,996 
0047  1 ARC-ThAr         07:45:06 m  180.0    98  104                 2.6,2.6,2.7,2.7  1.00      996,996,996,996 
0048  3 ARC-ThAr         07:50:08 m  180.0   166  169       LC ThXe   4.9,3.4,3.2,BAD  1.00      1006,1016,1011,1001 
0048  2 ARC-ThAr         07:50:08 m  180.0   213  216                 2.7,2.8,2.7,2.7  1.00      992,992,996,996 
0048  1 ARC-ThAr         07:50:08 m  180.0    97  102                 2.6,2.6,2.6,2.6  1.00      995,996,996,995 
0049  3 ARC-ThAr         07:55:11 m  180.0   167  170       LC ThXe   4.9,3.3,3.2,BAD  1.00      1006,1016,1011,1001 
0049  2 ARC-ThAr         07:55:11 m  180.0   212  215                 2.7,2.8,2.7,2.6  1.00      992,992,996,996 
0049  1 ARC-ThAr         07:55:11 m  180.0    97  103                 2.6,2.6,2.6,2.6  1.00      995,995,996,995 
0050  3 ARC-ThAr         08:00:13 m  180.0   168  171       LC ThXe   4.9,3.4,3.2,BAD  1.00      1006,1016,1012,1001 
0050  2 ARC-ThAr         08:00:13 m  180.0   214  216                 2.7,2.8,2.7,2.7  1.00      992,992,996,996 
0050  1 ARC-ThAr         08:00:13 m  180.0    97  103                 2.6,2.6,2.6,2.7  1.00      996,996,996,995 
0051  3 ARC-ThAr         08:05:16 m  180.0   166  170       LC ThXe   4.9,3.3,3.2,9.3  1.00      1006,1016,1011,1000 
0051  2 ARC-ThAr         08:05:16 m  180.0   214  216                 2.7,2.8,2.7,2.7  1.00      992,992,996,996 
0051  1 ARC-ThAr         08:05:16 m  180.0    96  102                 2.6,2.6,2.7,2.7  1.00      995,996,996,995 
0052  3 SimThLong        08:13:30 m  180.0     0    0          ThXe   3.2,3.2,3.2,3.1  1.00      1015,1015,1011,1011 
0052  2 SimThLong        08:13:30 m  180.0     1    5          ThXe   2.6,2.6,2.6,2.6  1.00      992,992,996,997 
0052  1 SimThLong        08:13:30 m  180.0     0    0          ThXe   2.6,2.6,2.6,2.6  1.00      995,995,995,996 
0053  3 SimThLong        08:18:26 m  180.0     0    0          ThXe   3.2,3.3,3.2,3.1  1.00      1015,1015,1011,1011 
0053  2 SimThLong        08:18:26 m  180.0     0    4          ThXe   2.6,2.6,2.6,2.6  1.00      992,992,996,996 
0053  1 SimThLong        08:18:26 m  180.0     0    2          ThXe   2.6,2.6,2.6,2.6  1.00      995,995,995,995 
0054  3 SimThLong        08:23:22 m  180.0     0    3          ThXe   3.3,3.3,3.2,3.2  1.00      1015,1015,1011,1011 
0054  2 SimThLong        08:23:22 m  180.0     0    3          ThXe   2.6,2.6,2.6,2.6  1.00      992,992,996,996 
0054  1 SimThLong        08:23:22 m  180.0     0    0          ThXe   2.6,2.6,2.6,2.6  1.00      995,995,995,995 
0055  3 SimThLong        08:28:20 m  180.0     2    7          ThXe   3.2,3.2,3.2,3.1  1.00      1015,1015,1011,1011 
0055  2 SimThLong        08:28:20 m  180.0     2    8          ThXe   2.6,2.6,2.6,2.6  1.00      992,992,996,996 
0055  1 SimThLong        08:28:20 m  180.0     0    4          ThXe   2.6,2.6,2.6,2.6  1.00      995,995,995,995 
0056  3 SimThLong        08:33:17 m  180.0     0    0          ThXe   3.3,3.3,3.2,3.2  1.00      1015,1014,1011,1011 
0056  2 SimThLong        08:33:17 m  180.0     0    2          ThXe   2.6,2.6,2.6,2.6  1.00      992,992,996,996 
0056  1 SimThLong        08:33:17 m  180.0     0    0          ThXe   2.6,2.7,2.6,2.6  1.00      995,996,996,995 
0057  3 SimThLong        08:37:14 m   60.0     0    0          ThXe   3.2,3.2,3.1,3.1  1.00      1014,1014,1011,1011 
0057  2 SimThLong        08:37:14 m   60.0     0    0          ThXe   2.6,2.6,2.6,2.6  1.00      992,992,996,996 
0057  1 SimThLong        08:37:14 m   60.0     0    2          ThXe   2.6,2.6,2.6,2.6  1.00      995,995,995,996 
0058  3 SimThLong        08:40:10 m   60.0     0    0          ThXe   3.2,3.1,3.0,3.1  1.00      1015,1015,1011,1011 
0058  2 SimThLong        08:40:10 m   60.0     0    0          ThXe   2.6,2.6,2.5,2.5  1.00      992,992,996,995 
0058  1 SimThLong        08:40:10 m   60.0     1    7          ThXe   2.5,2.5,2.5,2.5  1.00      995,995,995,995 
0059  3 SimThLong        08:43:08 m   60.0     0    0                 3.1,3.1,3.0,3.0  1.00      1014,1014,1011,1011 
0059  2 SimThLong        08:43:08 m   60.0     0    4                 2.6,2.6,2.5,2.5  1.00      992,992,996,996 
0059  1 SimThLong        08:43:08 m   60.0     0    0                 2.5,2.5,2.5,2.5  1.00      995,996,996,996 
0060  3 SimThLong        08:46:04 m   60.0     0    3          ThXe   3.2,3.1,3.0,3.1  1.00      1014,1014,1011,1011 
0060  2 SimThLong        08:46:04 m   60.0     0    0          ThXe   2.6,2.6,2.5,2.6  1.00      992,992,996,995 
0060  1 SimThLong        08:46:04 m   60.0     0    0          ThXe   2.5,2.6,2.5,2.5  1.00      995,995,995,995 
0061  3 SimThLong        08:49:01 m   60.0     0    0          ThXe   3.1,3.1,3.0,3.0  1.00      1015,1015,1011,1011 
0061  2 SimThLong        08:49:01 m   60.0     1    6          ThXe   2.6,2.6,2.5,2.5  1.00      992,992,996,995 
0061  1 SimThLong        08:49:01 m   60.0     0    0          ThXe   2.5,2.5,2.5,2.5  1.00      995,995,995,995 
0062  3 SimTh            08:51:37 m   15.0     0    0          ThXe   3.1,3.1,3.0,3.0  1.00      1014,1014,1011,1011 
0062  2 SimTh            08:51:37 m   15.0     1    4          ThXe   2.6,2.6,2.5,2.5  1.00      992,992,996,995 
0062  1 SimTh            08:51:37 m   15.0     0    0          ThXe   2.5,2.5,2.5,2.5  1.00      995,995,995,995 
0063  3 SimTh            08:53:49 m   15.0     0    4          ThXe   3.1,3.1,3.0,3.0  1.00      1014,1014,1011,1011 
0063  2 SimTh            08:53:49 m   15.0     0    0          ThXe   2.6,2.6,2.5,2.5  1.00      992,992,995,995 
0063  1 SimTh            08:53:49 m   15.0     0    0          ThXe   2.5,2.5,2.5,2.5  1.00      995,995,996,996 
0064  3 SimTh            08:56:00 m   15.0     0    3          ThXe   3.1,3.1,3.0,3.0  1.00      1014,1014,1011,1011 
0064  2 SimTh            08:56:00 m   15.0     0    0          ThXe   2.6,2.6,2.5,2.5  1.00      992,992,995,995 
0064  1 SimTh            08:56:00 m   15.0     0    0          ThXe   2.5,2.5,2.5,2.5  1.00      995,995,995,995 
0065  3 SimTh            08:58:12 m   15.0     0    0          ThXe   3.1,3.1,3.0,3.0  1.00      1014,1014,1011,1011 
0065  2 SimTh            08:58:12 m   15.0     0    0          ThXe   2.6,2.6,2.5,2.5  1.00      992,992,996,995 
0065  1 SimTh            08:58:12 m   15.0     0    0          ThXe   2.5,2.5,2.5,2.5  1.00      995,995,995,996 
0066  3 SimTh            09:00:24 m   15.0     0    0          ThXe   3.1,3.1,3.0,3.0  1.00      1014,1014,1011,1011 
0066  2 SimTh            09:00:24 m   15.0     1    5          ThXe   2.6,2.6,2.5,2.5  1.00      992,992,996,995 
0066  1 SimTh            09:00:24 m   15.0     0    0          ThXe   2.5,2.5,2.5,2.5  1.00      995,995,995,996 
0067  3 SimLC            09:04:10 m   15.0     1    5       LC        3.1,3.1,3.0,3.0  1.00      1014,1014,1011,1011 
0067  2 SimLC            09:04:10 m   15.0     0    0                 2.6,2.6,2.5,2.5  1.00      993,992,996,996 
0067  1 SimLC            09:04:10 m   15.0     0    0                 2.5,2.5,2.5,2.5  1.00      996,996,996,996 
0068  3 SimLC            09:06:22 m   15.0     0    0       LC        3.1,3.1,3.0,2.9  1.00      1014,1014,1011,1011 
0068  2 SimLC            09:06:22 m   15.0     0    0                 2.6,2.6,2.5,2.5  1.00      992,992,996,996 
0068  1 SimLC            09:06:22 m   15.0     1    5                 2.5,2.5,2.5,2.5  1.00      995,995,995,996 
0069  3 SimLC            09:14:50 m   15.0     0    0                 3.1,3.1,2.9,2.9  1.00      1014,1014,1011,1011 
0069  2 SimLC            09:14:50 m   15.0     0    2                 2.6,2.6,2.5,2.5  1.00      994,993,998,998 
0069  1 SimLC            09:14:50 m   15.0     0    0                 2.5,2.5,2.5,2.5  1.00      996,996,996,997 
0070  3 SimLC            09:17:30 m    5.0     1    4                 3.1,3.1,2.9,2.9  1.00      1014,1014,1011,1011 
0070  2 SimLC            09:17:30 m    5.0     0    0                 2.6,2.5,2.5,2.5  1.00      993,993,997,998 
0070  1 SimLC            09:17:30 m    5.0     0    0                 2.5,2.5,2.5,2.5  1.00      996,996,996,996 
0071  3 SimLC            09:19:36 m   15.0     0    0                 3.1,3.1,3.0,3.0  1.00      1014,1014,1011,1011 
0071  2 SimLC            09:19:36 m   15.0     0    4                 2.6,2.6,2.6,2.5  1.00      993,992,997,997 
0071  1 SimLC            09:19:36 m   15.0     0    0                 2.6,2.5,2.5,2.5  1.00      996,996,996,996 
0072  3 SimLC            09:30:01 m    6.0     0    0       LC        3.1,3.1,3.0,3.0  1.00      1014,1014,1011,1011 
0072  2 SimLC            09:30:01 m    6.0     0    0                 2.6,2.6,2.5,2.6  1.00      994,993,998,998 
0072  1 SimLC            09:30:01 m    6.0     0    0                 2.5,2.5,2.5,2.5  1.00      996,996,996,997 
0073  3 SimLC            09:45:19 m   15.0     0    0       LC        3.1,3.1,3.0,3.0  1.00      1015,1014,1011,1011 
0073  2 SimLC            09:45:19 m   15.0     0    0                 2.6,2.6,2.5,2.5  1.00      994,993,999,999 
0073  1 SimLC            09:45:19 m   15.0     0    0                 2.5,2.5,2.5,2.5  1.00      996,996,996,996 
0074  3 SimLC            09:47:27 m   10.0     0    4       LC        3.1,3.1,3.0,3.0  1.00      1014,1014,1011,1011 
0074  2 SimLC            09:47:27 m   10.0     0    0                 2.6,2.6,2.5,2.6  1.00      992,992,998,998 
0074  1 SimLC            09:47:27 m   10.0     0    0                 2.5,2.5,2.5,2.5  1.00      995,995,996,996 
0075  3 SimLC            10:29:12 m   20.0     0    0       LC        3.1,3.1,3.0,3.0  1.00      1014,1014,1011,1011 
0075  2 SimLC            10:29:12 m   20.0     0    0       LC        2.6,2.6,2.5,2.5  1.00      994,993,999,999 
0075  1 SimLC            10:29:12 m   20.0     2    7                 2.5,2.5,2.5,2.5  1.00      996,996,996,997 
0076  3 SimLC            10:31:26 m   15.0     0    0       LC        3.1,3.1,2.9,3.0  1.00      1014,1014,1011,1011 
0076  2 SimLC            10:31:26 m   15.0     0    0       LC        2.6,2.6,2.5,2.5  1.00      993,992,997,998 
0076  1 SimLC            10:31:26 m   15.0     0    0                 2.5,2.5,2.5,2.5  1.00      996,996,996,996 
0077  3 SimLC            10:33:39 m   15.0     0    0       LC        3.1,3.1,2.9,2.9  1.00      1014,1014,1011,1011 
0077  2 SimLC            10:33:39 m   15.0     0    0       LC        2.6,2.6,2.5,2.6  1.00      992,992,997,997 
0077  1 SimLC            10:33:39 m   15.0     0    0                 2.5,2.5,2.5,2.5  1.00      995,995,996,996 
0078  3 SimLC            10:35:50 m   15.0     0    0       LC        3.1,3.1,3.0,3.0  1.00      1014,1014,1011,1011 
0078  2 SimLC            10:35:50 m   15.0     0    0       LC        2.6,2.6,2.5,2.6  1.00      992,992,996,996 
0078  1 SimLC            10:35:50 m   15.0     1    6                 2.5,2.5,2.5,2.5  1.00      995,995,996,996 
0079  3 Acquire          13:49:01 m   10.0   374  376  1.7"           3.4,3.3,3.1,3.4  1.18      1014,1014,1011,1012 
0079  2 Acquire          13:49:01 m   10.0   234  237  1.1"           2.8,2.8,2.7,2.7  1.18      995,995,999,999 
0079  1 Acquire          13:49:01 m   10.0   111  116  0.8"           2.7,2.7,2.7,2.7  1.18      997,997,997,998 
0080  3 Acquire          13:49:47 m   10.0   369  370  1.7"           3.4,3.3,3.2,3.4  1.18      1014,1014,1011,1011 
0080  2 Acquire          13:49:47 m   10.0   229  232  1.4"           2.8,2.8,2.7,2.7  1.18      994,994,999,999 
0080  1 Acquire          13:49:47 m   10.0   107  112  0.8"           2.6,2.6,2.7,2.6  1.18      997,997,997,997 
0081  3 Acquire          13:50:24 m   10.0   432  433  1.5"           3.5,3.3,3.2,3.4  1.18      1014,1015,1011,1011 
0081  2 Acquire          13:50:24 m   10.0   282  284  1.6"           2.9,2.8,2.7,2.8  1.18      994,994,999,999 
0081  1 Acquire          13:50:24 m   10.0   138  142  0.7"           2.7,2.7,2.7,2.7  1.18      996,997,997,997 
0082  3 Acquire          13:51:01 m   10.0   365  366  1.4"           3.3,3.3,3.1,3.3  1.18      1014,1014,1011,1011 
0082  2 Acquire          13:51:01 m   10.0   225  228  1.1"           2.7,2.7,2.7,2.7  1.18      994,994,999,999 
0082  1 Acquire          13:51:01 m   10.0   102  107  1.0"           2.7,2.7,2.7,2.6  1.18      996,996,997,997 
0083  3 Acquire          13:51:40 m   10.0   349  351  1.3"           3.5,3.3,3.2,3.4  1.19      1014,1014,1011,1011 
0083  2 Acquire          13:51:40 m   10.0   213  216  0.9"           2.8,2.7,2.7,2.8  1.19      994,994,998,998 
0083  1 Acquire          13:51:40 m   10.0    95  101  0.7"           2.6,2.6,2.6,2.7  1.19      996,996,997,996 
0084  3 Acquire          13:52:58 m   10.0   420  422  1.8"           3.4,3.4,3.2,3.3  1.19      1014,1014,1011,1011 
0084  2 Acquire          13:52:58 m   10.0   289  291  1.8"           2.9,2.9,2.8,2.7  1.19      994,994,998,998 
0084  1 Acquire          13:52:58 m   10.0   153  157  1.6"           2.7,2.6,2.6,2.7  1.19      997,997,997,997 
0085  3 56139            13:54:36 p  120.0   490  491  2.0"           3.4,3.3,3.2,3.4  1.19      1014,1014,1011,1011 
0085  2 56139            13:54:36 p  120.0   334  336  2.1"           2.8,2.9,2.8,2.7  1.19      993,993,997,998 
0085  1 56139            13:54:36 p  120.0   176  180  1.5"           2.7,2.7,2.7,2.7  1.19      996,996,996,996 
0086  3 ARC-ThAr         13:58:06 m   15.0    29   38                 3.2,3.3,3.1,3.1  1.20      1014,1014,1011,1011 
0086  2 ARC-ThAr         13:58:06 m   15.0    56   64                 2.7,2.7,2.6,2.6  1.20      993,992,997,997 
0086  1 ARC-ThAr         13:58:06 m   15.0     8   18                 2.6,2.6,2.6,2.6  1.20      996,996,996,996 
0087  3 ARC-ThAr         14:00:23 m   15.0    35   44                 3.2,3.2,3.1,3.1  1.21      1014,1014,1011,1011 
0087  2 ARC-ThAr         14:00:23 m   15.0    53   61                 2.6,2.6,2.6,2.6  1.21      993,992,996,996 
0087  1 ARC-ThAr         14:00:23 m   15.0    16   26                 2.6,2.6,2.6,2.6  1.21      996,996,996,996 
0088  3 SimTh            14:02:43 m   15.0     0    0       LC ThXe   3.2,3.2,3.0,3.0  1.22      1014,1014,1011,1011 
0088  2 SimTh            14:02:43 m   15.0     0    0       LC ThXe   2.6,2.6,2.6,2.6  1.22      993,992,996,996 
0088  1 SimTh            14:02:43 m   15.0     0    0          ThXe   2.6,2.6,2.6,2.6  1.22      996,996,996,996 
0089  3 SimTh            14:04:54 m   15.0     0    0       LC ThXe   3.1,3.2,3.0,3.0  1.23      1014,1014,1011,1011 
0089  2 SimTh            14:04:54 m   15.0     0    0       LC ThXe   2.6,2.6,2.6,2.6  1.23      992,992,996,996 
0089  1 SimTh            14:04:54 m   15.0     0    0          ThXe   2.6,2.6,2.6,2.6  1.23      996,996,996,996 
0090  3 SimTh            14:07:05 m   15.0     0    0       LC ThXe   3.2,3.2,3.0,3.1  1.23      1014,1014,1011,1011 
0090  2 SimTh            14:07:05 m   15.0     0    0       LC ThXe   2.6,2.6,2.6,2.6  1.23      992,992,996,996 
0090  1 SimTh            14:07:05 m   15.0     0    4          ThXe   2.6,2.6,2.6,2.6  1.23      996,996,996,996 
0141  3 HIP71683         17:52:24 m   20.0  1276 1276  2.6"           3.6,3.5,3.4,3.6  1.17      1015,1015,1012,1012 
0141  2 HIP71683         17:52:24 m   20.0   426  427  2.7"           3.0,3.0,2.9,2.8  1.17      993,993,998,998 
0141  1 HIP71683         17:52:24 m   20.0   269  272  2.4"           2.7,2.7,2.7,2.7  1.17      996,996,996,996 
0152  3 Acquire          18:54:28 m   10.0   564  565  2.7"           3.4,3.3,3.2,3.5  1.02      1014,1014,1011,1011 
0152  2 Acquire          18:54:28 m   10.0   429  430  3.0"           3.0,3.0,2.8,2.8  1.02      994,994,997,997 
0152  1 Acquire          18:54:28 m   10.0   254  256  3.2"           2.7,2.7,2.7,2.7  1.02      996,996,997,997 
0153  3 Acquire          18:55:21 m   10.0   629  630  2.5"           3.5,3.4,3.3,3.4  1.02      1014,1014,1011,1011 
0153  2 Acquire          18:55:21 m   10.0   484  485  2.7"           3.0,3.0,2.9,2.8  1.02      994,994,997,997 
0153  1 Acquire          18:55:21 m   10.0   288  291  3.0"           2.7,2.7,2.8,2.8  1.02      996,996,997,997 
0154  3 127972           18:57:01 p   60.0   534  535  2.2"           3.4,3.3,3.2,3.4  1.02      1014,1014,1011,1012 
0154  2 127972           18:57:01 p   60.0   407  408  2.5"           2.9,3.0,2.8,2.8  1.02      992,992,997,997 
0154  1 127972           18:57:01 p   60.0   240  242  2.8"           2.7,2.7,2.7,2.7  1.02      996,995,995,996 
0155  3 SimLC            19:02:01 m   15.0     0    0       LC        3.1,3.2,3.1,3.0  1.00      1014,1014,1011,1011 
0155  2 SimLC            19:02:01 m   15.0     0    0       LC        2.6,2.6,2.6,2.6  1.00      993,993,997,997 
0155  1 SimLC            19:02:01 m   15.0     0    2                 2.6,2.6,2.6,2.6  1.00      996,996,996,996 
0156  3 SimLC            19:04:13 m   15.0     0    0       LC        3.2,3.2,3.1,3.1  1.00      1014,1014,1011,1011 
0156  2 SimLC            19:04:13 m   15.0     0    0       LC        2.6,2.6,2.6,2.6  1.00      993,992,997,997 
0156  1 SimLC            19:04:13 m   15.0     0    0                 2.6,2.6,2.6,2.6  1.00      996,996,996,996 
0157  3 SimLC            19:06:24 m   15.0     0    0       LC        3.2,3.2,3.1,3.1  1.00      1014,1014,1011,1011 
0157  2 SimLC            19:06:24 m   15.0     0    0       LC        2.7,2.6,2.6,2.6  1.00      992,992,996,996 
0157  1 SimLC            19:06:24 m   15.0     0    3                 2.6,2.6,2.6,2.6  1.00      996,996,996,996 
0158  3 SimLC            19:08:36 m   15.0     0    0       LC        3.2,3.2,3.0,3.1  1.00      1014,1014,1011,1011 
0158  2 SimLC            19:08:36 m   15.0     0    0       LC        2.7,2.6,2.6,2.6  1.00      992,992,996,996 
0158  1 SimLC            19:08:36 m   15.0     0    0                 2.6,2.5,2.5,2.6  1.00      996,995,995,996 
0159  3 SimLC            19:10:49 m   15.0     0    0       LC        3.2,3.2,3.1,3.1  1.00      1014,1014,1011,1011 
0159  2 SimLC            19:10:49 m   15.0     0    0       LC        2.7,2.6,2.6,2.6  1.00      992,992,996,996 
0159  1 SimLC            19:10:49 m   15.0     1    5                 2.6,2.6,2.6,2.6  1.00      996,996,996,996 
0160  3 SimTh            19:13:01 m   15.0     0    0          ThXe   3.2,3.2,3.1,3.1  1.00      1014,1014,1011,1011 
0160  2 SimTh            19:13:01 m   15.0     0    0          ThXe   2.6,2.6,2.6,2.6  1.00      992,992,996,996 
0160  1 SimTh            19:13:01 m   15.0     0    0          ThXe   2.6,2.6,2.6,2.6  1.00      996,996,996,996 
0161  3 SimTh            19:15:12 m   15.0     0    0          ThXe   3.2,3.2,3.1,3.1  1.00      1014,1014,1011,1011 
0161  2 SimTh            19:15:12 m   15.0     0    0          ThXe   2.6,2.6,2.6,2.6  1.00      992,992,996,996 
0161  1 SimTh            19:15:12 m   15.0     0    1          ThXe   2.6,2.6,2.6,2.6  1.00      996,996,996,996 
0162  3 SimTh            19:17:24 m   15.0     0    0          ThXe   3.2,3.2,3.1,3.1  1.00      1014,1014,1011,1011 
0162  2 SimTh            19:17:24 m   15.0     0    3          ThXe   2.6,2.6,2.6,2.6  1.00      992,992,996,996 
0162  1 SimTh            19:17:24 m   15.0     1    5          ThXe   2.6,2.6,2.6,2.6  1.00      996,996,996,996 
0163  3 SimTh            19:19:35 m   15.0     0    0          ThXe   3.2,3.2,3.1,3.1  1.00      1014,1014,1011,1011 
0163  2 SimTh            19:19:35 m   15.0     1    6          ThXe   2.6,2.6,2.6,2.6  1.00      992,992,996,995 
0163  1 SimTh            19:19:35 m   15.0     0    0          ThXe   2.6,2.6,2.6,2.6  1.00      996,996,996,996 
0164  3 SimTh            19:21:46 m   15.0     1    6          ThXe   3.2,3.2,3.1,3.1  1.00      1014,1014,1011,1011 
0164  2 SimTh            19:21:46 m   15.0     0    0          ThXe   2.6,2.6,2.6,2.6  1.00      992,992,996,996 
0164  1 SimTh            19:21:46 m   15.0     0    0          ThXe   2.6,2.6,2.6,2.6  1.00      996,996,996,996 
0165  3 SimThLong        19:24:19 m   60.0     3   10          ThXe   3.2,3.2,3.1,3.1  1.00      1014,1014,1011,1011 
0165  2 SimThLong        19:24:19 m   60.0     1    5          ThXe   2.6,2.6,2.6,2.6  1.00      992,992,995,995 
0165  1 SimThLong        19:24:19 m   60.0     0    3          ThXe   2.6,2.6,2.6,2.6  1.00      996,996,996,996 
0166  3 SimThLong        19:27:16 m   60.0     0    0          ThXe   3.2,3.2,3.1,3.1  1.00      1014,1014,1011,1011 
0166  2 SimThLong        19:27:16 m   60.0     1    5          ThXe   2.6,2.6,2.6,2.6  1.00      992,992,995,995 
0166  1 SimThLong        19:27:16 m   60.0     0    0          ThXe   2.6,2.6,2.6,2.6  1.00      995,996,996,996 
0167  3 SimThLong        19:30:12 m   60.0     0    4          ThXe   3.2,3.2,3.1,3.1  1.00      1014,1014,1011,1011 
0167  2 SimThLong        19:30:12 m   60.0     0    0          ThXe   2.6,2.6,2.6,2.6  1.00      992,992,995,995 
0167  1 SimThLong        19:30:12 m   60.0     0    0          ThXe   2.6,2.6,2.6,2.6  1.00      995,996,996,996 
0168  3 SimThLong        19:33:09 m   60.0     0    1          ThXe   3.2,3.2,3.1,3.1  1.00      1014,1014,1011,1011 
0168  2 SimThLong        19:33:09 m   60.0     0    0          ThXe   2.6,2.6,2.6,2.6  1.00      992,992,996,995 
0168  1 SimThLong        19:33:09 m   60.0     0    0          ThXe   2.6,2.6,2.6,2.6  1.00      996,996,996,996 
0169  3 SimThLong        19:36:06 m   60.0     0    4          ThXe   3.2,3.2,3.1,3.1  1.00      1014,1014,1011,1011 
0169  2 SimThLong        19:36:06 m   60.0     1    4          ThXe   2.6,2.6,2.6,2.6  1.00      992,992,995,995 
0169  1 SimThLong        19:36:06 m   60.0     0    0          ThXe   2.6,2.6,2.6,2.6  1.00      996,996,996,996 
0170  3 SimThLong        19:40:03 m  180.0     0    0          ThXe   3.2,3.3,3.2,3.1  1.00      1014,1014,1011,1011 
0170  2 SimThLong        19:40:03 m  180.0     1    5          ThXe   2.6,2.6,2.6,2.6  1.00      992,992,995,995 
0170  1 SimThLong        19:40:03 m  180.0     0    2          ThXe   2.6,2.6,2.6,2.6  1.00      995,996,996,995 
0171  3 SimThLong        19:45:00 m  180.0     0    0          ThXe   3.3,3.2,3.1,3.1  1.00      1014,1014,1011,1011 
0171  2 SimThLong        19:45:00 m  180.0     0    0          ThXe   2.6,2.6,2.6,2.6  1.00      992,992,995,995 
0171  1 SimThLong        19:45:00 m  180.0     0    2          ThXe   2.6,2.6,2.6,2.6  1.00      995,995,996,995 
0172  3 SimThLong        19:49:56 m  180.0     0    0          ThXe   3.3,3.3,3.2,3.2  1.00      1014,1014,1011,1011 
0172  2 SimThLong        19:49:56 m  180.0     1    6          ThXe   2.6,2.6,2.6,2.6  1.00      992,992,996,995 
0172  1 SimThLong        19:49:56 m  180.0     0    3          ThXe   2.6,2.6,2.6,2.6  1.00      995,996,996,995 
0173  3 SimThLong        19:54:52 m  180.0     0    0          ThXe   3.3,3.3,3.2,3.2  1.00      1014,1014,1011,1011 
0173  2 SimThLong        19:54:52 m  180.0     0    0          ThXe   2.6,2.6,2.6,2.6  1.00      992,992,995,995 
0173  1 SimThLong        19:54:52 m  180.0     0    0          ThXe   2.6,2.6,2.6,2.6  1.00      995,995,995,995 
0174  3 SimThLong        19:59:50 m  180.0     0    0          ThXe   3.3,3.2,3.2,3.1  1.00      1014,1014,1011,1011 
0174  2 SimThLong        19:59:50 m  180.0     0    3          ThXe   2.6,2.6,2.6,2.6  1.00      992,992,996,996 
0174  1 SimThLong        19:59:50 m  180.0     0    0          ThXe   2.6,2.6,2.6,2.6  1.00      995,995,995,995 
0175  3 FlatField-Quartz 20:11:50 m    0.1   911  912                 3.6,3.4,3.3,3.5  1.00      1015,1015,1012,1012 
0175  2 FlatField-Quartz 20:11:50 m    0.1   219  221                 2.8,2.8,2.7,2.7  1.00      994,993,998,999 
0175  1 FlatField-Quartz 20:11:50 m    0.1    49   57                 2.6,2.6,2.6,2.6  1.00      996,996,996,997 
0176  3 FlatField-Quartz 20:13:53 m    0.1   900  900                 3.6,3.5,3.3,3.5  1.00      1015,1015,1012,1012 
0176  2 FlatField-Quartz 20:13:53 m    0.1   214  217                 2.7,2.8,2.7,2.7  1.00      993,993,998,998 
0176  1 FlatField-Quartz 20:13:53 m    0.1    47   56                 2.6,2.6,2.6,2.6  1.00      996,996,996,996 
0177  3 FlatField-Quartz 20:15:57 m    0.1   897  898                 3.6,3.4,3.3,3.5  1.00      1015,1015,1012,1012 
0177  2 FlatField-Quartz 20:15:57 m    0.1   213  215                 2.7,2.7,2.7,2.6  1.00      993,992,997,997 
0177  1 FlatField-Quartz 20:15:57 m    0.1    46   55                 2.6,2.6,2.6,2.6  1.00      996,995,996,996 
0178  3 FlatField-Quartz 20:18:02 m    0.1   903  904                 3.5,3.4,3.3,3.5  1.00      1015,1015,1012,1012 
0178  2 FlatField-Quartz 20:18:02 m    0.1   214  217                 2.7,2.8,2.7,2.6  1.00      993,993,997,997 
0178  1 FlatField-Quartz 20:18:02 m    0.1    47   56                 2.6,2.6,2.6,2.6  1.00      996,995,995,996 
0179  3 FlatField-Quartz 20:20:05 m    0.1   906  906                 3.5,3.4,3.3,3.5  1.00      1015,1015,1012,1012 
0179  2 FlatField-Quartz 20:20:05 m    0.1   216  219                 2.7,2.8,2.7,2.6  1.00      993,992,997,996 
0179  1 FlatField-Quartz 20:20:05 m    0.1    47   56                 2.6,2.6,2.6,2.6  1.00      995,995,996,996 
0180  3 FlatField-Quartz 20:22:09 m    0.1   903  903                 3.5,3.4,3.3,3.5  1.00      1015,1015,1012,1012 
0180  2 FlatField-Quartz 20:22:09 m    0.1   216  218                 2.7,2.8,2.6,2.6  1.00      993,992,996,996 
0180  1 FlatField-Quartz 20:22:09 m    0.1    47   56                 2.6,2.6,2.6,2.6  1.00      995,995,995,996 
0181  3 FlatField-Quartz 20:24:14 m    0.1   902  903                 3.5,3.4,3.3,3.5  1.00      1015,1015,1012,1012 
0181  2 FlatField-Quartz 20:24:14 m    0.1   216  218                 2.7,2.8,2.7,2.6  1.00      993,992,996,996 
0181  1 FlatField-Quartz 20:24:14 m    0.1    46   55                 2.6,2.6,2.6,2.6  1.00      995,995,995,996 
0182  3 FlatField-Quartz 20:26:19 m    1.0  1838 1839                 4.0,3.8,3.6,4.2  1.00      1017,1017,1013,1013 
0182  2 FlatField-Quartz 20:26:19 m    1.0   668  669                 3.0,3.1,3.0,2.9  1.00      993,992,997,996 
0182  1 FlatField-Quartz 20:26:19 m    1.0   168  171                 2.6,2.6,2.6,2.6  1.00      995,995,995,996 
0183  3 FlatField-Quartz 20:28:23 m    1.0  1838 1839                 4.0,3.8,3.6,4.2  1.00      1017,1017,1013,1013 
0183  2 FlatField-Quartz 20:28:23 m    1.0   667  668                 3.0,3.1,3.0,2.9  1.00      993,992,996,996 
0183  1 FlatField-Quartz 20:28:23 m    1.0   167  171                 2.6,2.6,2.6,2.7  1.00      996,995,996,996 
0184  3 FlatField-Quartz 20:30:27 m    1.0  1839 1840                 4.0,3.8,3.6,4.2  1.00      1017,1017,1013,1013 
0184  2 FlatField-Quartz 20:30:27 m    1.0   665  666                 3.1,3.1,3.0,2.9  1.00      993,993,997,996 
0184  1 FlatField-Quartz 20:30:27 m    1.0   167  171                 2.7,2.6,2.6,2.7  1.00      996,996,996,996 
0185  3 FlatField-Quartz 20:32:31 m    1.0  1839 1839                 3.9,3.8,3.5,4.1  1.00      1017,1017,1012,1013 
0185  2 FlatField-Quartz 20:32:31 m    1.0   666  667                 3.0,3.1,3.0,2.8  1.00      993,993,996,996 
0185  1 FlatField-Quartz 20:32:31 m    1.0   167  171                 2.6,2.6,2.6,2.6  1.00      996,996,996,996 
0186  3 FlatField-Quartz 20:34:35 m    1.0  1838 1838                 4.0,3.8,3.6,4.1  1.00      1017,1017,1012,1013 
0186  2 FlatField-Quartz 20:34:35 m    1.0   670  671                 3.0,3.1,3.0,2.9  1.00      993,993,996,996 
0186  1 FlatField-Quartz 20:34:35 m    1.0   167  171                 2.6,2.6,2.6,2.6  1.00      996,996,996,996 
0187  3 FlatField-Quartz 20:36:40 m    1.0  1839 1839                 4.0,3.8,3.6,4.2  1.00      1017,1017,1012,1013 
0187  2 FlatField-Quartz 20:36:40 m    1.0   667  668                 3.0,3.1,3.0,2.9  1.00      993,992,996,996 
0187  1 FlatField-Quartz 20:36:40 m    1.0   167  171                 2.6,2.6,2.6,2.6  1.00      996,996,996,996 
0188  3 FlatField-Quartz 20:38:43 m    1.0  1838 1839                 3.9,3.8,3.6,4.1  1.00      1017,1017,1012,1013 
0188  2 FlatField-Quartz 20:38:43 m    1.0   666  667                 3.0,3.1,3.0,2.9  1.00      993,993,996,996 
0188  1 FlatField-Quartz 20:38:43 m    1.0   167  170                 2.6,2.6,2.6,2.6  1.00      996,996,996,996 
0189  3 FlatField-Quartz 20:40:52 m   10.0     0    0                 BAD,BAD,BAD,BAD  1.00      1198,1648,1936,1605 
0189  2 FlatField-Quartz 20:40:52 m   10.0  1943 1944                 3.9,4.0,3.8,3.6  1.00      994,993,997,997 
0189  1 FlatField-Quartz 20:40:52 m   10.0   536  537                 2.8,2.7,2.8,2.9  1.00      996,995,995,996 
0190  3 FlatField-Quartz 20:43:04 m   10.0     0    0                 BAD,BAD,BAD,BAD  1.00      1202,1648,1951,1607 
0190  2 FlatField-Quartz 20:43:04 m   10.0  1942 1943                 3.9,4.0,3.8,3.6  1.00      994,993,997,997 
0190  1 FlatField-Quartz 20:43:04 m   10.0   536  537                 2.8,2.7,2.8,2.9  1.00      996,996,996,996 
0191  3 FlatField-Quartz 20:45:16 m   10.0     0    0                 BAD,BAD,BAD,BAD  1.00      1187,1664,1867,1576 
0191  2 FlatField-Quartz 20:45:16 m   10.0  1945 1945                 3.9,4.0,3.8,3.6  1.00      994,993,997,997 
0191  1 FlatField-Quartz 20:45:16 m   10.0   538  539                 2.8,2.7,2.8,2.9  1.00      996,996,996,996 
0192  3 FlatField-Quartz 20:47:28 m   10.0     0    0                 BAD,BAD,BAD,BAD  1.00      1181,1664,1887,1577 
0192  2 FlatField-Quartz 20:47:28 m   10.0  1945 1945                 3.9,4.0,3.8,3.6  1.00      994,993,997,997 
0192  1 FlatField-Quartz 20:47:28 m   10.0   538  539                 2.8,2.7,2.8,2.9  1.00      996,996,996,996 
0193  3 FlatField-Quartz 20:49:40 m   10.0     0    1                 BAD,BAD,BAD,BAD  1.00      1207,1643,1955,1632 
0193  2 FlatField-Quartz 20:49:40 m   10.0  1942 1942                 3.9,4.0,3.8,3.6  1.00      994,994,997,997 
0193  1 FlatField-Quartz 20:49:40 m   10.0   533  534                 2.8,2.7,2.8,2.9  1.00      996,996,996,996 
0194  3 FlatField-Quartz 20:51:52 m   10.0     0    0                 BAD,BAD,BAD,BAD  1.00      1198,1651,1937,1620 
0194  2 FlatField-Quartz 20:51:52 m   10.0  1942 1942                 3.9,4.0,3.8,3.6  1.00      994,993,997,997 
0194  1 FlatField-Quartz 20:51:52 m   10.0   535  536                 2.8,2.7,2.8,2.9  1.00      996,996,996,996 
0195  3 FlatField-Quartz 20:54:04 m   10.0     0    3                 BAD,BAD,BAD,BAD  1.00      1194,1647,1933,1617 
0195  2 FlatField-Quartz 20:54:04 m   10.0  1944 1944                 3.9,4.0,3.8,3.6  1.00      994,993,997,997 
0195  1 FlatField-Quartz 20:54:04 m   10.0   535  536                 2.8,2.8,2.8,2.9  1.00      996,996,996,996 
0196  3 FlatField-Quartz 20:56:42 m   60.0     0    0                 BAD,BAD,BAD,BAD  1.00      1266,1266,1400,1398 
0196  2 FlatField-Quartz 20:56:42 m   60.0   666  666                 5.1,4.9,5.4,4.8  1.00      1001,1000,998,998 
0196  1 FlatField-Quartz 20:56:42 m   60.0  1311 1312                 3.2,3.1,3.4,3.4  1.00      996,996,996,996 
0197  3 FlatField-Quartz 20:59:44 m   60.0     0    0                 BAD,BAD,BAD,BAD  1.00      1266,1266,1400,1398 
0197  2 FlatField-Quartz 20:59:44 m   60.0   614  615                 5.1,4.9,5.4,4.8  1.00      1001,1000,998,998 
0197  1 FlatField-Quartz 20:59:44 m   60.0  1313 1313                 3.2,3.1,3.4,3.4  1.00      996,996,996,996 
0198  3 FlatField-Quartz 21:02:46 m   60.0                            BAD BAD BAD BAD            BAD BAD BAD BAD 
0198  2 FlatField-Quartz 21:02:46 m   60.0   616  617                 5.0,4.9,5.4,4.7  1.00      1001,1000,998,999 
0198  1 FlatField-Quartz 21:02:46 m   60.0  1314 1314                 3.2,3.0,3.3,3.4  1.00      996,996,996,996 
0199  3 FlatField-Quartz 21:05:48 m   60.0     0    0                 BAD,BAD,BAD,BAD  1.00      1265,1266,1400,1398 
0199  2 FlatField-Quartz 21:05:48 m   60.0   609  610                 5.1,4.9,5.4,4.8  1.00      1001,1000,998,998 
0199  1 FlatField-Quartz 21:05:48 m   60.0  1314 1314                 3.2,3.1,3.3,3.4  1.00      996,996,996,996 
0200  3 FlatField-Quartz 21:08:50 m   60.0                            BAD BAD BAD BAD            BAD BAD BAD BAD 
0200  2 FlatField-Quartz 21:08:50 m   60.0   614  615                 5.1,4.9,5.4,4.7  1.00      1001,1000,998,998 
0200  1 FlatField-Quartz 21:08:50 m   60.0  1314 1314                 3.2,3.1,3.3,3.4  1.00      996,996,996,995 
0201  3 FlatField-Quartz 21:11:52 m   60.0     0    0                 BAD,BAD,BAD,BAD  1.00      1265,1266,1400,1396 
0201  2 FlatField-Quartz 21:11:52 m   60.0   588  588                 5.1,4.9,5.4,4.7  1.00      1001,1000,998,998 
0201  1 FlatField-Quartz 21:11:52 m   60.0  1316 1317                 3.2,3.1,3.3,3.4  1.00      996,996,996,996 
0202  3 FlatField-Quartz 21:14:55 m   60.0                            BAD BAD BAD BAD            BAD BAD BAD BAD 
0202  2 FlatField-Quartz 21:14:55 m   60.0   593  594                 5.0,4.9,5.4,4.8  1.00      1001,1000,998,998 
0202  1 FlatField-Quartz 21:14:55 m   60.0  1316 1317                 3.2,3.1,3.3,3.4  1.00      996,996,996,996 
0203  3 ARC-ThAr         21:26:03 m   15.0    29   38                 3.1,3.1,3.0,3.0  1.00      1014,1014,1011,1011 
0203  2 ARC-ThAr         21:26:03 m   15.0    54   61                 2.6,2.6,2.5,2.6  1.00      994,993,998,998 
0203  1 ARC-ThAr         21:26:03 m   15.0     9   19                 2.5,2.5,2.5,2.5  1.00      996,996,996,997 
0204  3 ARC-ThAr         21:28:21 m   15.0    35   44          ThXe   3.1,3.1,3.0,3.0  1.00      1014,1014,1011,1011 
0204  2 ARC-ThAr         21:28:21 m   15.0    52   60                 2.6,2.6,2.6,2.6  1.00      993,993,997,997 
0204  1 ARC-ThAr         21:28:21 m   15.0    18   28                 2.5,2.5,2.5,2.5  1.00      996,996,996,996 
0205  3 ARC-ThAr         21:30:39 m   15.0    32   41          ThXe   3.1,3.1,3.0,3.0  1.00      1014,1014,1011,1011 
0205  2 ARC-ThAr         21:30:39 m   15.0    49   57                 2.6,2.6,2.6,2.5  1.00      993,992,997,997 
0205  1 ARC-ThAr         21:30:39 m   15.0    15   26                 2.5,2.5,2.5,2.5  1.00      996,996,996,996 
0206  3 ARC-ThAr         21:32:55 m   15.0    36   45          ThXe   3.1,3.1,3.0,3.0  1.00      1014,1014,1011,1011 
0206  2 ARC-ThAr         21:32:55 m   15.0    51   59                 2.6,2.6,2.6,2.6  1.00      992,992,996,996 
0206  1 ARC-ThAr         21:32:55 m   15.0    20   30                 2.6,2.5,2.5,2.5  1.00      996,996,996,996 
0207  3 ARC-ThAr         21:35:13 m   15.0    37   45          ThXe   3.1,3.1,3.0,3.1  1.00      1014,1014,1011,1011 
0207  2 ARC-ThAr         21:35:13 m   15.0    50   58                 2.6,2.6,2.6,2.6  1.00      992,992,996,996 
0207  1 ARC-ThAr         21:35:13 m   15.0    18   29                 2.5,2.6,2.6,2.5  1.00      996,996,996,996 
0208  3 ARC-ThAr         21:37:30 m   15.0    39   47          ThXe   3.1,3.1,3.0,3.0  1.00      1014,1014,1011,1011 
0208  2 ARC-ThAr         21:37:30 m   15.0    50   58                 2.6,2.6,2.5,2.5  1.00      992,992,996,995 
0208  1 ARC-ThAr         21:37:30 m   15.0    19   29                 2.5,2.5,2.5,2.5  1.00      995,995,995,996 
0209  3 ARC-ThAr         21:39:47 m   15.0    38   46          ThXe   3.1,3.1,3.0,3.0  1.00      1014,1014,1011,1011 
0209  2 ARC-ThAr         21:39:47 m   15.0    50   58                 2.6,2.6,2.5,2.6  1.00      992,992,995,995 
0209  1 ARC-ThAr         21:39:47 m   15.0    18   28                 2.5,2.5,2.5,2.5  1.00      995,995,995,996 
0210  3 ARC-ThAr         21:42:26 m   60.0    88   94          ThXe   3.2,3.1,3.0,3.3  1.00      1015,1015,1011,1011 
0210  2 ARC-ThAr         21:42:26 m   60.0   115  120                 2.6,2.6,2.6,2.6  1.00      992,992,995,995 
0210  1 ARC-ThAr         21:42:26 m   60.0    50   58                 2.5,2.5,2.5,2.5  1.00      995,995,995,995 
0211  3 ARC-ThAr         21:45:28 m   60.0    91   96          ThXe   3.2,3.1,3.0,3.3  1.00      1014,1015,1011,1010 
0211  2 ARC-ThAr         21:45:28 m   60.0   117  122                 2.6,2.6,2.6,2.6  1.00      992,992,995,996 
0211  1 ARC-ThAr         21:45:28 m   60.0    50   59                 2.6,2.6,2.5,2.6  1.00      995,995,995,995 
0212  3 ARC-ThAr         21:48:30 m   60.0    90   95          ThXe   3.1,3.1,3.0,3.3  1.00      1015,1015,1011,1010 
0212  2 ARC-ThAr         21:48:30 m   60.0   117  122                 2.6,2.6,2.6,2.6  1.00      992,992,995,995 
0212  1 ARC-ThAr         21:48:30 m   60.0    52   60                 2.5,2.5,2.5,2.5  1.00      995,995,995,995 
0213  3 ARC-ThAr         21:51:32 m   60.0    91   96          ThXe   3.2,3.1,3.0,3.3  1.00      1014,1015,1011,1010 
0213  2 ARC-ThAr         21:51:32 m   60.0   118  123                 2.6,2.6,2.6,2.6  1.00      992,992,995,995 
0213  1 ARC-ThAr         21:51:32 m   60.0    52   60                 2.5,2.6,2.5,2.6  1.00      995,995,995,995 
0214  3 ARC-ThAr         21:54:34 m   60.0    93   98          ThXe   3.2,3.1,3.0,3.3  1.00      1014,1015,1011,1010 
0214  2 ARC-ThAr         21:54:34 m   60.0   116  121                 2.7,2.6,2.6,2.6  1.00      992,991,995,995 
0214  1 ARC-ThAr         21:54:34 m   60.0    52   60                 2.5,2.5,2.5,2.6  1.00      995,995,995,995 
0215  3 ARC-ThAr         21:57:36 m   60.0    90   96          ThXe   3.2,3.2,3.0,3.3  1.00      1014,1014,1011,1010 
0215  2 ARC-ThAr         21:57:36 m   60.0   118  122                 2.6,2.7,2.7,2.6  1.00      992,991,995,995 
0215  1 ARC-ThAr         21:57:36 m   60.0    52   60                 2.6,2.5,2.5,2.6  1.00      995,995,995,995 
0216  3 ARC-ThAr         22:00:38 m   60.0    91   96          ThXe   3.2,3.1,3.0,3.3  1.00      1015,1015,1011,1010 
0216  2 ARC-ThAr         22:00:38 m   60.0   117  122                 2.6,2.6,2.6,2.6  1.00      992,992,995,995 
0216  1 ARC-ThAr         22:00:38 m   60.0    53   61                 2.5,2.6,2.5,2.5  1.00      995,995,995,995 
0217  3 ARC-ThAr         22:04:40 m  180.0   165  168       LC ThXe   5.4,3.2,3.1,8.9  1.00      1007,1015,1011,999 
0217  2 ARC-ThAr         22:04:40 m  180.0   209  211                 2.7,2.7,2.7,2.6  1.00      991,991,995,995 
0217  1 ARC-ThAr         22:04:40 m  180.0    98  104                 2.6,2.6,2.6,2.6  1.00      995,995,995,995 
0218  3 ARC-ThAr         22:09:43 m  180.0   166  170       LC ThXe   4.7,3.2,3.1,BAD  1.00      1007,1015,1011,1000 
0218  2 ARC-ThAr         22:09:43 m  180.0   209  212                 2.7,2.7,2.6,2.6  1.00      991,992,995,995 
0218  1 ARC-ThAr         22:09:43 m  180.0    98  103                 2.6,2.6,2.6,2.6  1.00      995,995,995,995 
0219  3 ARC-ThAr         22:14:46 m  180.0   164  167       LC ThXe   4.7,3.2,3.1,BAD  1.00      1007,1015,1011,999 
0219  2 ARC-ThAr         22:14:46 m  180.0   210  212                 2.7,2.7,2.6,2.7  1.00      991,991,995,995 
0219  1 ARC-ThAr         22:14:46 m  180.0    96  102                 2.6,2.6,2.6,2.6  1.00      995,995,995,995 
0220  3 ARC-ThAr         22:19:47 m  180.0   165  168       LC ThXe   4.7,3.2,3.1,9.0  1.00      1007,1015,1011,1000 
0220  2 ARC-ThAr         22:19:47 m  180.0   208  211                 2.7,2.7,2.6,2.6  1.00      991,991,995,995 
0220  1 ARC-ThAr         22:19:47 m  180.0    96  102                 2.6,2.6,2.6,2.6  1.00      995,995,995,995 
0221  3 ARC-ThAr         22:24:50 m  180.0   162  165       LC ThXe   4.7,3.3,3.1,9.0  1.00      1007,1015,1011,1000 
0221  2 ARC-ThAr         22:24:50 m  180.0   208  211                 2.7,2.8,2.6,2.6  1.00      991,992,995,995 
0221  1 ARC-ThAr         22:24:50 m  180.0    95  100                 2.6,2.6,2.6,2.6  1.00      995,995,995,995 
0222  3 ARC-ThAr         22:29:52 m  180.0   163  166       LC ThXe   4.7,3.2,3.1,8.9  1.00      1007,1015,1011,999 
0222  2 ARC-ThAr         22:29:52 m  180.0   207  210                 2.7,2.8,2.6,2.6  1.00      991,992,995,995 
0222  1 ARC-ThAr         22:29:52 m  180.0    94  100                 2.6,2.6,2.6,2.6  1.00      995,995,995,995 
0223  3 ARC-ThAr         22:34:54 m  180.0   161  164       LC ThXe   4.7,3.2,3.1,8.9  1.00      1007,1015,1011,998 
0223  2 ARC-ThAr         22:34:54 m  180.0   208  211                 2.7,2.7,2.6,2.6  1.00      991,991,995,995 
0223  1 ARC-ThAr         22:34:54 m  180.0    95  101                 2.6,2.6,2.6,2.6  1.00      995,995,995,995 
0224  3 DarkFrame        23:01:36 m 1800.0     0    0                 3.0,3.0,2.9,2.9  1.00      1013,1013,1010,1010 
0224  2 DarkFrame        23:01:36 m 1800.0     0    0                 2.6,2.6,2.5,2.5  1.00      991,991,994,994 
0224  1 DarkFrame        23:01:36 m 1800.0     0    0                 2.5,2.5,2.5,2.5  1.00      995,995,995,995 
0225  3 DarkFrame        23:33:30 m 1800.0     0    4                 3.0,3.0,2.9,2.9  1.00      1013,1013,1010,1010 
0225  2 DarkFrame        23:33:30 m 1800.0     0    3                 2.6,2.6,2.5,2.5  1.00      991,991,994,994 
0225  1 DarkFrame        23:33:30 m 1800.0     0    0                 2.5,2.5,2.5,2.5  1.00      995,995,995,995 
0226  3 DarkFrame        00:05:24 m 1800.0     0    0                 3.0,3.0,2.9,2.9  1.00      1014,1014,1011,1011 
0226  2 DarkFrame        00:05:24 m 1800.0     0    0                 2.6,2.6,2.5,2.5  1.00      991,991,994,994 
0226  1 DarkFrame        00:05:24 m 1800.0     0    3                 2.5,2.5,2.5,2.5  1.00      995,995,995,995 
0227  3 DarkFrame        00:29:47 m  900.0     1    5                 3.1,3.1,3.1,3.0  1.00      1014,1014,1011,1010 
0227  2 DarkFrame        00:29:47 m  900.0     0    0                 2.6,2.6,2.6,2.6  1.00      991,991,994,994 
0227  1 DarkFrame        00:29:47 m  900.0     0    4                 2.6,2.6,2.5,2.5  1.00      995,995,995,995 
0228  3 DarkFrame        00:46:42 m  900.0     1    5                 3.1,3.1,3.1,3.0  1.00      1014,1014,1011,1011 
0228  2 DarkFrame        00:46:42 m  900.0     0    2                 2.6,2.6,2.6,2.6  1.00      991,991,994,994 
0228  1 DarkFrame        00:46:42 m  900.0     0    4                 2.5,2.5,2.5,2.5  1.00      995,995,995,995 
0229  3 DarkFrame        01:03:35 m  900.0     1    5                 3.1,3.1,3.1,3.0  1.00      1014,1014,1011,1011 
0229  2 DarkFrame        01:03:35 m  900.0     0    0                 2.6,2.6,2.6,2.5  1.00      992,992,995,995 
0229  1 DarkFrame        01:03:35 m  900.0     0    0                 2.6,2.6,2.5,2.5  1.00      995,995,995,995 
0230  3 DarkFrame        01:15:30 m  300.0     0    0                 3.1,3.1,3.1,3.0  1.00      1013,1014,1011,1010 
0230  2 DarkFrame        01:15:30 m  300.0     0    0                 2.6,2.6,2.6,2.6  1.00      992,992,995,995 
0230  1 DarkFrame        01:15:30 m  300.0     0    0                 2.6,2.6,2.5,2.6  1.00      995,995,995,995 
0231  3 DarkFrame        01:22:24 m  300.0     0    0                 3.1,3.1,3.0,3.0  1.00      1014,1014,1011,1011 
0231  2 DarkFrame        01:22:24 m  300.0     0    0                 2.6,2.6,2.6,2.6  1.00      991,992,995,995 
0231  1 DarkFrame        01:22:24 m  300.0     0    0                 2.6,2.6,2.5,2.5  1.00      995,995,995,995 
0232  3 DarkFrame        01:29:18 m  300.0     0    0                 3.1,3.1,3.0,3.0  1.00      1014,1014,1010,1011 
0232  2 DarkFrame        01:29:18 m  300.0     0    0                 2.6,2.6,2.6,2.6  1.00      992,992,995,995 
0232  1 DarkFrame        01:29:18 m  300.0     0    0                 2.6,2.6,2.6,2.6  1.00      995,995,995,995 
 
=======================================================================================================================
10:22:59 Tested LC shutter. Still broken. Engineers switched it to stuck open. 15s seems a reasonable exposure time for LC with shutter open.
10:24:35 Would have started observing 20:25, but it is raining...
10:33:41 20s LC is giving max of 50k, 15s is giving max of 36k in Rosso.
13:20:07 Dome open now, but previous power outage may have caused issue with dust cover...
13:48:46 Finally on sky.
14:16:47 Seeing around 2.0, but varying...
